#
# There is insufficient memory for the Java Runtime Environment to continue.
# Native memory allocation (malloc) failed to allocate 32744 bytes for ChunkPool::allocate
# Possible reasons:
#   The system is out of physical RAM or swap space
#   The process is running with CompressedOops enabled, and the Java Heap may be blocking the growth of the native heap
# Possible solutions:
#   Reduce memory load on the system
#   Increase physical memory or swap space
#   Check if swap backing store is full
#   Decrease Java heap size (-Xmx/-Xms)
#   Decrease number of Java threads
#   Decrease Java thread stack sizes (-Xss)
#   Set larger code cache with -XX:ReservedCodeCacheSize=
#   JVM is running with Unscaled Compressed Oops mode in which the Java heap is
#     placed in the first 4GB address space. The Java Heap base address is the
#     maximum limit for the native heap growth. Please use -XX:HeapBaseMinAddress
#     to set the Java Heap base and to place the Java Heap above 4GB virtual address.
# This output file may be truncated or incomplete.
#
#  Out of Memory Error (arena.cpp:79), pid=10916, tid=11076
#
# JRE version: Java(TM) SE Runtime Environment (16.0.2+7) (build 16.0.2+7-67)
# Java VM: Java HotSpot(TM) 64-Bit Server VM (16.0.2+7-67, mixed mode, sharing, tiered, compressed oops, compressed class ptrs, g1 gc, windows-amd64)
# No core dump will be written. Minidumps are not enabled by default on client versions of Windows
#

---------------  S U M M A R Y ------------

Command Line: -javaagent:E:\66666\IntelliJ IDEA Community Edition 2020.2.1\lib\idea_rt.jar=53780:E:\66666\IntelliJ IDEA Community Edition 2020.2.1\bin -Dfile.encoding=UTF-8 com.simbirsoft.christmastoysstore.ChristmastoysstoreApplication

Host: Intel(R) Core(TM) i3-2365M CPU @ 1.40GHz, 4 cores, 3G,  Windows 10 , 64 bit Build 19041 (10.0.19041.928)
Time: Tue Sep 14 12:37:32 2021 RTZ 2 (s 10 , 64 bit Build 19041 (10.0.19041.928) elapsed time: 31.908286 seconds (0d 0h 0m 31s)

---------------  T H R E A D  ---------------

Current thread (0x00000242fdfc1830):  JavaThread "C2 CompilerThread0" daemon [_thread_in_native, id=11076, stack(0x000000f05b400000,0x000000f05b500000)]


Current CompileTask:
C2:  31908 3271   !   4       jdk.internal.loader.BuiltinClassLoader::loadClassOrNull (143 bytes)

Stack: [0x000000f05b400000,0x000000f05b500000]
Native frames: (J=compiled Java code, j=interpreted, Vv=VM code, C=native code)
V  [jvm.dll+0x6681ca]
V  [jvm.dll+0x7c9e69]
V  [jvm.dll+0x7cb61e]
V  [jvm.dll+0x7cbc73]
V  [jvm.dll+0x242c55]
V  [jvm.dll+0xae10f]
V  [jvm.dll+0xae45c]
V  [jvm.dll+0x2a3411]
V  [jvm.dll+0x6780d3]
V  [jvm.dll+0x678873]
V  [jvm.dll+0x677e97]
V  [jvm.dll+0x675d6a]
V  [jvm.dll+0x1a4d4c]
V  [jvm.dll+0x214d15]
V  [jvm.dll+0x1a1beb]
V  [jvm.dll+0x225158]
V  [jvm.dll+0x22319c]
V  [jvm.dll+0x77fa62]
V  [jvm.dll+0x7795aa]
V  [jvm.dll+0x667066]
C  [ucrtbase.dll+0x21bb2]
C  [KERNEL32.DLL+0x17034]
C  [ntdll.dll+0x52651]


---------------  P R O C E S S  ---------------

Threads class SMR info:
_java_thread_list=0x000002428f5d61b0, length=13, elements={
0x00000242f00194c0, 0x00000242f00ccb60, 0x00000242f00cfee0, 0x00000242fdfb2200,
0x00000242fdfb2b10, 0x00000242fdfb3bc0, 0x00000242fdfb5c80, 0x00000242fdfc1830,
0x00000242fdfc81a0, 0x00000242fdfcab00, 0x00000242fed6e4e0, 0x00000242fee849f0,
0x00000242ff2b3110
}

Java Threads: ( => current thread )
  0x00000242f00194c0 JavaThread "main" [_thread_in_native, id=10444, stack(0x000000f05a700000,0x000000f05a800000)]
  0x00000242f00ccb60 JavaThread "Reference Handler" daemon [_thread_blocked, id=5680, stack(0x000000f05ae00000,0x000000f05af00000)]
  0x00000242f00cfee0 JavaThread "Finalizer" daemon [_thread_blocked, id=11108, stack(0x000000f05af00000,0x000000f05b000000)]
  0x00000242fdfb2200 JavaThread "Signal Dispatcher" daemon [_thread_blocked, id=7604, stack(0x000000f05b000000,0x000000f05b100000)]
  0x00000242fdfb2b10 JavaThread "Attach Listener" daemon [_thread_blocked, id=10268, stack(0x000000f05b100000,0x000000f05b200000)]
  0x00000242fdfb3bc0 JavaThread "Service Thread" daemon [_thread_blocked, id=11048, stack(0x000000f05b200000,0x000000f05b300000)]
  0x00000242fdfb5c80 JavaThread "Monitor Deflation Thread" daemon [_thread_blocked, id=10964, stack(0x000000f05b300000,0x000000f05b400000)]
=>0x00000242fdfc1830 JavaThread "C2 CompilerThread0" daemon [_thread_in_native, id=11076, stack(0x000000f05b400000,0x000000f05b500000)]
  0x00000242fdfc81a0 JavaThread "C1 CompilerThread0" daemon [_thread_blocked, id=10944, stack(0x000000f05b500000,0x000000f05b600000)]
  0x00000242fdfcab00 JavaThread "Sweeper thread" daemon [_thread_blocked, id=6440, stack(0x000000f05b600000,0x000000f05b700000)]
  0x00000242fed6e4e0 JavaThread "Common-Cleaner" daemon [_thread_blocked, id=10292, stack(0x000000f05b700000,0x000000f05b800000)]
  0x00000242fee849f0 JavaThread "Monitor Ctrl-Break" daemon [_thread_in_native, id=7584, stack(0x000000f05ba00000,0x000000f05bb00000)]
  0x00000242ff2b3110 JavaThread "Notification Thread" daemon [_thread_blocked, id=2676, stack(0x000000f05bb00000,0x000000f05bc00000)]

Other Threads:
  0x00000242f00ca970 VMThread "VM Thread" [stack: 0x000000f05ad00000,0x000000f05ae00000] [id=10456]
  0x00000242fee84f10 WatcherThread [stack: 0x000000f05bc00000,0x000000f05bd00000] [id=1340]
  0x00000242f0046a40 GCTaskThread "GC Thread#0" [stack: 0x000000f05a800000,0x000000f05a900000] [id=9068]
  0x00000242ff02ce90 GCTaskThread "GC Thread#1" [stack: 0x000000f05b800000,0x000000f05b900000] [id=8776]
  0x00000242ff2ca230 GCTaskThread "GC Thread#2" [stack: 0x000000f05b900000,0x000000f05ba00000] [id=3304]
  0x000002428f0db550 GCTaskThread "GC Thread#3" [stack: 0x000000f05be00000,0x000000f05bf00000] [id=9756]
  0x00000242f004b830 ConcurrentGCThread "G1 Main Marker" [stack: 0x000000f05a900000,0x000000f05aa00000] [id=11116]
  0x00000242effde850 ConcurrentGCThread "G1 Conc#0" [stack: 0x000000f05aa00000,0x000000f05ab00000] [id=9020]
  0x00000242f008ace0 ConcurrentGCThread "G1 Refine#0" [stack: 0x000000f05ab00000,0x000000f05ac00000] [id=10600]
  0x00000242f008d580 ConcurrentGCThread "G1 Service" [stack: 0x000000f05ac00000,0x000000f05ad00000] [id=5940]

Threads with active compile tasks:
C2 CompilerThread0    36797 3271   !   4       jdk.internal.loader.BuiltinClassLoader::loadClassOrNull (143 bytes)

VM state: not at safepoint (normal execution)

VM Mutex/Monitor currently owned by a thread: None

Heap address: 0x00000000c2400000, size: 988 MB, Compressed Oops mode: 32-bit

CDS archive(s) mapped at: [0x0000000800000000-0x0000000800bb0000-0x0000000800bb0000), size 12255232, SharedBaseAddress: 0x0000000800000000, ArchiveRelocationMode: 0.
Compressed class space mapped at: 0x0000000800c00000-0x0000000840c00000, reserved size: 1073741824
Narrow klass base: 0x0000000800000000, Narrow klass shift: 3, Narrow klass range: 0x100000000

GC Precious Log:
 CPUs: 4 total, 4 available
 Memory: 3950M
 Large Page Support: Disabled
 NUMA Support: Disabled
 Compressed Oops: Enabled (32-bit)
 Heap Region Size: 1M
 Heap Min Capacity: 8M
 Heap Initial Capacity: 62M
 Heap Max Capacity: 988M
 Pre-touch: Disabled
 Parallel Workers: 4
 Concurrent Workers: 1
 Concurrent Refinement Workers: 4
 Periodic GC: Disabled

Heap:
 garbage-first heap   total 58368K, used 21553K [0x00000000c2400000, 0x0000000100000000)
  region size 1024K, 8 young (8192K), 4 survivors (4096K)
 Metaspace       used 25898K, committed 26240K, reserved 1073152K
  class space    used 3221K, committed 3392K, reserved 1048576K

Heap Regions: E=young(eden), S=young(survivor), O=old, HS=humongous(starts), HC=humongous(continues), CS=collection set, F=free, OA=open archive, CA=closed archive, TAMS=top-at-mark-start (previous, next)
|   0|0x00000000c2400000, 0x00000000c2500000, 0x00000000c2500000|100%|HS|  |TAMS 0x00000000c2500000, 0x00000000c2400000| Complete 
|   1|0x00000000c2500000, 0x00000000c257ee00, 0x00000000c2600000| 49%| O|  |TAMS 0x00000000c2500000, 0x00000000c2500000| Untracked 
|   2|0x00000000c2600000, 0x00000000c2700000, 0x00000000c2700000|100%| O|  |TAMS 0x00000000c2700000, 0x00000000c2600000| Untracked 
|   3|0x00000000c2700000, 0x00000000c2800000, 0x00000000c2800000|100%| O|  |TAMS 0x00000000c2800000, 0x00000000c2700000| Untracked 
|   4|0x00000000c2800000, 0x00000000c2900000, 0x00000000c2900000|100%| O|  |TAMS 0x00000000c2900000, 0x00000000c2800000| Untracked 
|   5|0x00000000c2900000, 0x00000000c2a00000, 0x00000000c2a00000|100%| O|  |TAMS 0x00000000c2a00000, 0x00000000c2900000| Untracked 
|   6|0x00000000c2a00000, 0x00000000c2b00000, 0x00000000c2b00000|100%| O|  |TAMS 0x00000000c2b00000, 0x00000000c2a00000| Untracked 
|   7|0x00000000c2b00000, 0x00000000c2c00000, 0x00000000c2c00000|100%| O|  |TAMS 0x00000000c2c00000, 0x00000000c2b00000| Untracked 
|   8|0x00000000c2c00000, 0x00000000c2d00000, 0x00000000c2d00000|100%| O|  |TAMS 0x00000000c2d00000, 0x00000000c2c00000| Untracked 
|   9|0x00000000c2d00000, 0x00000000c2e00000, 0x00000000c2e00000|100%| O|  |TAMS 0x00000000c2e00000, 0x00000000c2d00000| Untracked 
|  10|0x00000000c2e00000, 0x00000000c2f00000, 0x00000000c2f00000|100%| O|  |TAMS 0x00000000c2f00000, 0x00000000c2e00000| Untracked 
|  11|0x00000000c2f00000, 0x00000000c3000000, 0x00000000c3000000|100%| O|  |TAMS 0x00000000c3000000, 0x00000000c2f00000| Untracked 
|  12|0x00000000c3000000, 0x00000000c3100000, 0x00000000c3100000|100%| O|  |TAMS 0x00000000c3100000, 0x00000000c3000000| Untracked 
|  13|0x00000000c3100000, 0x00000000c3200000, 0x00000000c3200000|100%| O|  |TAMS 0x00000000c31bac00, 0x00000000c3100000| Untracked 
|  14|0x00000000c3200000, 0x00000000c328d800, 0x00000000c3300000| 55%| O|  |TAMS 0x00000000c3200000, 0x00000000c3200000| Untracked 
|  15|0x00000000c3300000, 0x00000000c3300000, 0x00000000c3400000|  0%| F|  |TAMS 0x00000000c3300000, 0x00000000c3300000| Untracked 
|  16|0x00000000c3400000, 0x00000000c3400000, 0x00000000c3500000|  0%| F|  |TAMS 0x00000000c3400000, 0x00000000c3400000| Untracked 
|  17|0x00000000c3500000, 0x00000000c3500000, 0x00000000c3600000|  0%| F|  |TAMS 0x00000000c3500000, 0x00000000c3500000| Untracked 
|  18|0x00000000c3600000, 0x00000000c3600000, 0x00000000c3700000|  0%| F|  |TAMS 0x00000000c3600000, 0x00000000c3600000| Untracked 
|  19|0x00000000c3700000, 0x00000000c3700000, 0x00000000c3800000|  0%| F|  |TAMS 0x00000000c3700000, 0x00000000c3700000| Untracked 
|  20|0x00000000c3800000, 0x00000000c3800000, 0x00000000c3900000|  0%| F|  |TAMS 0x00000000c3800000, 0x00000000c3800000| Untracked 
|  21|0x00000000c3900000, 0x00000000c3900000, 0x00000000c3a00000|  0%| F|  |TAMS 0x00000000c3900000, 0x00000000c3900000| Untracked 
|  22|0x00000000c3a00000, 0x00000000c3b00000, 0x00000000c3b00000|100%| S|CS|TAMS 0x00000000c3a00000, 0x00000000c3a00000| Complete 
|  23|0x00000000c3b00000, 0x00000000c3c00000, 0x00000000c3c00000|100%| S|CS|TAMS 0x00000000c3b00000, 0x00000000c3b00000| Complete 
|  24|0x00000000c3c00000, 0x00000000c3d00000, 0x00000000c3d00000|100%| S|CS|TAMS 0x00000000c3c00000, 0x00000000c3c00000| Complete 
|  25|0x00000000c3d00000, 0x00000000c3e00000, 0x00000000c3e00000|100%| S|CS|TAMS 0x00000000c3d00000, 0x00000000c3d00000| Complete 
|  26|0x00000000c3e00000, 0x00000000c3e00000, 0x00000000c3f00000|  0%| F|  |TAMS 0x00000000c3e00000, 0x00000000c3e00000| Untracked 
|  27|0x00000000c3f00000, 0x00000000c3f00000, 0x00000000c4000000|  0%| F|  |TAMS 0x00000000c3f00000, 0x00000000c3f00000| Untracked 
|  28|0x00000000c4000000, 0x00000000c4000000, 0x00000000c4100000|  0%| F|  |TAMS 0x00000000c4000000, 0x00000000c4000000| Untracked 
|  29|0x00000000c4100000, 0x00000000c4100000, 0x00000000c4200000|  0%| F|  |TAMS 0x00000000c4100000, 0x00000000c4100000| Untracked 
|  30|0x00000000c4200000, 0x00000000c4200000, 0x00000000c4300000|  0%| F|  |TAMS 0x00000000c4200000, 0x00000000c4200000| Untracked 
|  31|0x00000000c4300000, 0x00000000c4300000, 0x00000000c4400000|  0%| F|  |TAMS 0x00000000c4300000, 0x00000000c4300000| Untracked 
|  32|0x00000000c4400000, 0x00000000c4400000, 0x00000000c4500000|  0%| F|  |TAMS 0x00000000c4400000, 0x00000000c4400000| Untracked 
|  33|0x00000000c4500000, 0x00000000c4500000, 0x00000000c4600000|  0%| F|  |TAMS 0x00000000c4500000, 0x00000000c4500000| Untracked 
|  34|0x00000000c4600000, 0x00000000c4600000, 0x00000000c4700000|  0%| F|  |TAMS 0x00000000c4600000, 0x00000000c4600000| Untracked 
|  35|0x00000000c4700000, 0x00000000c4700000, 0x00000000c4800000|  0%| F|  |TAMS 0x00000000c4700000, 0x00000000c4700000| Untracked 
|  36|0x00000000c4800000, 0x00000000c4800000, 0x00000000c4900000|  0%| F|  |TAMS 0x00000000c4800000, 0x00000000c4800000| Untracked 
|  37|0x00000000c4900000, 0x00000000c4900000, 0x00000000c4a00000|  0%| F|  |TAMS 0x00000000c4900000, 0x00000000c4900000| Untracked 
|  38|0x00000000c4a00000, 0x00000000c4a00000, 0x00000000c4b00000|  0%| F|  |TAMS 0x00000000c4a00000, 0x00000000c4a00000| Untracked 
|  39|0x00000000c4b00000, 0x00000000c4b00000, 0x00000000c4c00000|  0%| F|  |TAMS 0x00000000c4b00000, 0x00000000c4b00000| Untracked 
|  40|0x00000000c4c00000, 0x00000000c4c00000, 0x00000000c4d00000|  0%| F|  |TAMS 0x00000000c4c00000, 0x00000000c4c00000| Untracked 
|  41|0x00000000c4d00000, 0x00000000c4d00000, 0x00000000c4e00000|  0%| F|  |TAMS 0x00000000c4d00000, 0x00000000c4d00000| Untracked 
|  42|0x00000000c4e00000, 0x00000000c4e00000, 0x00000000c4f00000|  0%| F|  |TAMS 0x00000000c4e00000, 0x00000000c4e00000| Untracked 
|  43|0x00000000c4f00000, 0x00000000c4f00000, 0x00000000c5000000|  0%| F|  |TAMS 0x00000000c4f00000, 0x00000000c4f00000| Untracked 
|  44|0x00000000c5000000, 0x00000000c5000000, 0x00000000c5100000|  0%| F|  |TAMS 0x00000000c5000000, 0x00000000c5000000| Untracked 
|  45|0x00000000c5100000, 0x00000000c5100000, 0x00000000c5200000|  0%| F|  |TAMS 0x00000000c5100000, 0x00000000c5100000| Untracked 
|  46|0x00000000c5200000, 0x00000000c5200000, 0x00000000c5300000|  0%| F|  |TAMS 0x00000000c5200000, 0x00000000c5200000| Untracked 
|  47|0x00000000c5300000, 0x00000000c5300000, 0x00000000c5400000|  0%| F|  |TAMS 0x00000000c5300000, 0x00000000c5300000| Untracked 
|  48|0x00000000c5400000, 0x00000000c5400000, 0x00000000c5500000|  0%| F|  |TAMS 0x00000000c5400000, 0x00000000c5400000| Untracked 
|  49|0x00000000c5500000, 0x00000000c5500000, 0x00000000c5600000|  0%| F|  |TAMS 0x00000000c5500000, 0x00000000c5500000| Untracked 
|  50|0x00000000c5600000, 0x00000000c5600000, 0x00000000c5700000|  0%| F|  |TAMS 0x00000000c5600000, 0x00000000c5600000| Untracked 
|  51|0x00000000c5700000, 0x00000000c5700000, 0x00000000c5800000|  0%| F|  |TAMS 0x00000000c5700000, 0x00000000c5700000| Untracked 
|  52|0x00000000c5800000, 0x00000000c5800000, 0x00000000c5900000|  0%| F|  |TAMS 0x00000000c5800000, 0x00000000c5800000| Untracked 
|  53|0x00000000c5900000, 0x00000000c59c2b48, 0x00000000c5a00000| 76%| E|  |TAMS 0x00000000c5900000, 0x00000000c5900000| Complete 
|  54|0x00000000c5a00000, 0x00000000c5b00000, 0x00000000c5b00000|100%| E|CS|TAMS 0x00000000c5a00000, 0x00000000c5a00000| Complete 
|  55|0x00000000c5b00000, 0x00000000c5c00000, 0x00000000c5c00000|100%| E|CS|TAMS 0x00000000c5b00000, 0x00000000c5b00000| Complete 
|  61|0x00000000c6100000, 0x00000000c6200000, 0x00000000c6200000|100%| E|CS|TAMS 0x00000000c6100000, 0x00000000c6100000| Complete 

Card table byte_map: [0x00000242f9790000,0x00000242f9980000] _byte_map_base: 0x00000242f917e000

Marking Bits (Prev, Next): (CMBitMap*) 0x00000242f00470f0, (CMBitMap*) 0x00000242f00470b0
 Prev Bits: [0x00000242faae0000, 0x00000242fba50000)
 Next Bits: [0x00000242f9b70000, 0x00000242faae0000)

Polling page: 0x00000242efe60000

Metaspace:

Usage:
  Non-class:     22.15 MB used.
      Class:      3.15 MB used.
       Both:     25.29 MB used.

Virtual space:
  Non-class space:       24.00 MB reserved,      22.31 MB ( 93%) committed,  3 nodes.
      Class space:        1.00 GB reserved,       3.31 MB ( <1%) committed,  1 nodes.
              Both:        1.02 GB reserved,      25.62 MB (  2%) committed. 

Chunk freelists:
   Non-Class:  1.73 MB
       Class:  672.00 KB
        Both:  2.39 MB

MaxMetaspaceSize: 17179869184.00 GB
CompressedClassSpaceSize: 1.00 GB
 - commit_granule_bytes: 65536.
 - commit_granule_words: 8192.
 - virtual_space_node_default_size: 1048576.
 - enlarge_chunks_in_place: 1.
 - new_chunks_are_fully_committed: 0.
 - uncommit_free_chunks: 1.
 - use_allocation_guard: 0.
 - handle_deallocations: 1.


Internal statistics:

num_allocs_failed_limit: 3.
num_arena_births: 272.
num_arena_deaths: 0.
num_vsnodes_births: 4.
num_vsnodes_deaths: 0.
num_space_committed: 410.
num_space_uncommitted: 0.
num_chunks_returned_to_freelist: 3.
num_chunks_taken_from_freelist: 1153.
num_chunk_merges: 3.
num_chunk_splits: 774.
num_chunks_enlarged: 582.
num_purges: 0.

CodeHeap 'non-profiled nmethods': size=120000Kb used=1556Kb max_used=1556Kb free=118443Kb
 bounds [0x0000024287ad0000, 0x0000024287d40000, 0x000002428f000000]
CodeHeap 'profiled nmethods': size=120000Kb used=7158Kb max_used=7158Kb free=112841Kb
 bounds [0x00000242805a0000, 0x0000024280ca0000, 0x0000024287ad0000]
CodeHeap 'non-nmethods': size=5760Kb used=1218Kb max_used=1260Kb free=4541Kb
 bounds [0x0000024280000000, 0x0000024280270000, 0x00000242805a0000]
 total_blobs=3885 nmethods=3366 adapters=431
 compilation: enabled
              stopped_count=0, restarted_count=0
 full_count=0

Compilation events (20 events):
Event: 31.046 Thread 0x00000242fdfc1830 nmethod 3270 0x0000024287c50810 code [0x0000024287c509a0, 0x0000024287c50ae8]
Event: 31.046 Thread 0x00000242fdfc1830 3271   !   4       jdk.internal.loader.BuiltinClassLoader::loadClassOrNull (143 bytes)
Event: 31.159 Thread 0x00000242fdfc81a0 3272       3       java.lang.invoke.MethodHandles$Lookup::ensureDefineClassPermission (38 bytes)
Event: 31.161 Thread 0x00000242fdfc81a0 nmethod 3272 0x0000024280c4ff10 code [0x0000024280c50120, 0x0000024280c50838]
Event: 31.161 Thread 0x00000242fdfc81a0 3276       3       java.lang.invoke.InnerClassLambdaMetafactory$ForwardingMethodGenerator::generate (258 bytes)
Event: 31.165 Thread 0x00000242fdfc81a0 nmethod 3276 0x0000024280c50a90 code [0x0000024280c50e20, 0x0000024280c52ac8]
Event: 31.165 Thread 0x00000242fdfc81a0 3274       3       jdk.internal.org.objectweb.asm.ClassReader::readConst (276 bytes)
Event: 31.170 Thread 0x00000242fdfc81a0 nmethod 3274 0x0000024280c53310 code [0x0000024280c537c0, 0x0000024280c555d8]
Event: 31.171 Thread 0x00000242fdfc81a0 3275       3       java.lang.invoke.MethodHandles$Lookup$ClassDefiner::defineClassAsLookup (19 bytes)
Event: 31.171 Thread 0x00000242fdfc81a0 nmethod 3275 0x0000024280c56090 code [0x0000024280c56240, 0x0000024280c56438]
Event: 31.171 Thread 0x00000242fdfc81a0 3273       3       java.lang.invoke.MethodHandles$Lookup::makeHiddenClassDefiner (22 bytes)
Event: 31.172 Thread 0x00000242fdfc81a0 nmethod 3273 0x0000024280c56510 code [0x0000024280c566e0, 0x0000024280c568c8]
Event: 31.172 Thread 0x00000242fdfc81a0 3277       3       java.lang.invoke.InnerClassLambdaMetafactory$ForwardingMethodGenerator::invocationOpcode (93 bytes)
Event: 31.173 Thread 0x00000242fdfc81a0 nmethod 3277 0x0000024280c56a10 code [0x0000024280c56c60, 0x0000024280c57438]
Event: 31.175 Thread 0x00000242fdfc81a0 3282       3       java.lang.invoke.LambdaFormEditor::bindArgumentType (101 bytes)
Event: 31.176 Thread 0x00000242fdfc81a0 nmethod 3282 0x0000024280c57710 code [0x0000024280c578c0, 0x0000024280c57ae8]
Event: 31.176 Thread 0x00000242fdfc81a0 3283       3       java.lang.invoke.LambdaFormEditor::bindArgumentForm (269 bytes)
Event: 31.181 Thread 0x00000242fdfc81a0 nmethod 3283 0x0000024280c57c10 code [0x0000024280c57fe0, 0x0000024280c59928]
Event: 31.181 Thread 0x00000242fdfc81a0 3284       1       sun.reflect.generics.reflectiveObjects.TypeVariableImpl::getName (5 bytes)
Event: 31.181 Thread 0x00000242fdfc81a0 nmethod 3284 0x0000024287c50c10 code [0x0000024287c50da0, 0x0000024287c50e78]

GC Heap History (14 events):
Event: 4.476 GC heap before
{Heap before GC invocations=0 (full 0):
 garbage-first heap   total 63488K, used 14336K [0x00000000c2400000, 0x0000000100000000)
  region size 1024K, 13 young (13312K), 0 survivors (0K)
 Metaspace       used 622K, committed 832K, reserved 1056768K
  class space    used 20K, committed 128K, reserved 1048576K
}
Event: 4.487 GC heap after
{Heap after GC invocations=1 (full 0):
 garbage-first heap   total 63488K, used 8430K [0x00000000c2400000, 0x0000000100000000)
  region size 1024K, 2 young (2048K), 2 survivors (2048K)
 Metaspace       used 622K, committed 832K, reserved 1056768K
  class space    used 20K, committed 128K, reserved 1048576K
}
Event: 10.040 GC heap before
{Heap before GC invocations=1 (full 0):
 garbage-first heap   total 63488K, used 18670K [0x00000000c2400000, 0x0000000100000000)
  region size 1024K, 13 young (13312K), 2 survivors (2048K)
 Metaspace       used 3126K, committed 3328K, reserved 1056768K
  class space    used 274K, committed 384K, reserved 1048576K
}
Event: 10.056 GC heap after
{Heap after GC invocations=2 (full 0):
 garbage-first heap   total 63488K, used 11119K [0x00000000c2400000, 0x0000000100000000)
  region size 1024K, 2 young (2048K), 2 survivors (2048K)
 Metaspace       used 3126K, committed 3328K, reserved 1056768K
  class space    used 274K, committed 384K, reserved 1048576K
}
Event: 14.755 GC heap before
{Heap before GC invocations=2 (full 0):
 garbage-first heap   total 63488K, used 27503K [0x00000000c2400000, 0x0000000100000000)
  region size 1024K, 19 young (19456K), 2 survivors (2048K)
 Metaspace       used 8006K, committed 8128K, reserved 1056768K
  class space    used 923K, committed 960K, reserved 1048576K
}
Event: 14.778 GC heap after
{Heap after GC invocations=3 (full 0):
 garbage-first heap   total 63488K, used 12718K [0x00000000c2400000, 0x0000000100000000)
  region size 1024K, 2 young (2048K), 2 survivors (2048K)
 Metaspace       used 8006K, committed 8128K, reserved 1056768K
  class space    used 923K, committed 960K, reserved 1048576K
}
Event: 23.703 GC heap before
{Heap before GC invocations=3 (full 0):
 garbage-first heap   total 63488K, used 36270K [0x00000000c2400000, 0x0000000100000000)
  region size 1024K, 26 young (26624K), 2 survivors (2048K)
 Metaspace       used 13752K, committed 13952K, reserved 1064960K
  class space    used 1730K, committed 1792K, reserved 1048576K
}
Event: 23.715 GC heap after
{Heap after GC invocations=4 (full 0):
 garbage-first heap   total 63488K, used 14127K [0x00000000c2400000, 0x0000000100000000)
  region size 1024K, 3 young (3072K), 3 survivors (3072K)
 Metaspace       used 13752K, committed 13952K, reserved 1064960K
  class space    used 1730K, committed 1792K, reserved 1048576K
}
Event: 24.764 GC heap before
{Heap before GC invocations=4 (full 0):
 garbage-first heap   total 63488K, used 41775K [0x00000000c2400000, 0x0000000100000000)
  region size 1024K, 31 young (31744K), 3 survivors (3072K)
 Metaspace       used 15119K, committed 15360K, reserved 1064960K
  class space    used 1953K, committed 2048K, reserved 1048576K
}
Event: 24.775 GC heap after
{Heap after GC invocations=5 (full 0):
 garbage-first heap   total 63488K, used 15012K [0x00000000c2400000, 0x0000000100000000)
  region size 1024K, 3 young (3072K), 3 survivors (3072K)
 Metaspace       used 15119K, committed 15360K, reserved 1064960K
  class space    used 1953K, committed 2048K, reserved 1048576K
}
Event: 26.692 GC heap before
{Heap before GC invocations=5 (full 0):
 garbage-first heap   total 63488K, used 41636K [0x00000000c2400000, 0x0000000100000000)
  region size 1024K, 30 young (30720K), 3 survivors (3072K)
 Metaspace       used 19950K, committed 20224K, reserved 1073152K
  class space    used 2459K, committed 2560K, reserved 1048576K
}
Event: 26.702 GC heap after
{Heap after GC invocations=6 (full 0):
 garbage-first heap   total 63488K, used 16330K [0x00000000c2400000, 0x0000000100000000)
  region size 1024K, 3 young (3072K), 3 survivors (3072K)
 Metaspace       used 19950K, committed 20224K, reserved 1073152K
  class space    used 2459K, committed 2560K, reserved 1048576K
}
Event: 27.055 GC heap before
{Heap before GC invocations=6 (full 0):
 garbage-first heap   total 63488K, used 23498K [0x00000000c2400000, 0x0000000100000000)
  region size 1024K, 11 young (11264K), 3 survivors (3072K)
 Metaspace       used 20974K, committed 21248K, reserved 1073152K
  class space    used 2600K, committed 2752K, reserved 1048576K
}
Event: 27.065 GC heap after
{Heap after GC invocations=7 (full 0):
 garbage-first heap   total 63488K, used 16789K [0x00000000c2400000, 0x0000000100000000)
  region size 1024K, 2 young (2048K), 2 survivors (2048K)
 Metaspace       used 20974K, committed 21248K, reserved 1073152K
  class space    used 2600K, committed 2752K, reserved 1048576K
}

Deoptimization events (20 events):
Event: 29.639 Thread 0x00000242f00194c0 DEOPT PACKING pc=0x0000024287b98740 sp=0x000000f05a7fcde0
Event: 29.639 Thread 0x00000242f00194c0 DEOPT UNPACKING pc=0x000002428004d72e sp=0x000000f05a7fcd08 mode 2
Event: 30.815 Thread 0x00000242f00194c0 Uncommon trap: trap_request=0xffffff45 fr.pc=0x0000024287c405f8 relative=0x0000000000000598
Event: 30.815 Thread 0x00000242f00194c0 Uncommon trap: reason=unstable_if action=reinterpret pc=0x0000024287c405f8 method=org.springframework.beans.factory.support.AbstractBeanFactory.getMergedLocalBeanDefinition(Ljava/lang/String;)Lorg/springframework/beans/factory/support/RootBeanDefinition; 
Event: 30.815 Thread 0x00000242f00194c0 DEOPT PACKING pc=0x0000024287c405f8 sp=0x000000f05a7fe050
Event: 30.815 Thread 0x00000242f00194c0 DEOPT UNPACKING pc=0x000002428004d72e sp=0x000000f05a7fe008 mode 2
Event: 30.818 Thread 0x00000242f00194c0 Uncommon trap: trap_request=0xffffff45 fr.pc=0x0000024287c3c8c4 relative=0x0000000000000a44
Event: 30.818 Thread 0x00000242f00194c0 Uncommon trap: reason=unstable_if action=reinterpret pc=0x0000024287c3c8c4 method=org.springframework.beans.factory.support.DefaultSingletonBeanRegistry.getSingleton(Ljava/lang/String;Z)Ljava/lang/Object; @ 20 c2
Event: 30.818 Thread 0x00000242f00194c0 DEOPT PACKING pc=0x0000024287c3c8c4 sp=0x000000f05a7fdd10
Event: 30.819 Thread 0x00000242f00194c0 DEOPT UNPACKING pc=0x000002428004d72e sp=0x000000f05a7fdcc0 mode 2
Event: 31.174 Thread 0x00000242f00194c0 DEOPT PACKING pc=0x00000242809ac48c sp=0x000000f05a7fd500
Event: 31.174 Thread 0x00000242f00194c0 DEOPT UNPACKING pc=0x000002428004dece sp=0x000000f05a7fca58 mode 0
Event: 31.182 Thread 0x00000242f00194c0 Uncommon trap: trap_request=0xffffffde fr.pc=0x0000024287bfdf80 relative=0x0000000000000800
Event: 31.182 Thread 0x00000242f00194c0 Uncommon trap: reason=class_check action=maybe_recompile pc=0x0000024287bfdf80 method=org.springframework.util.ConcurrentReferenceHashMap$Segment.findInChain(Lorg/springframework/util/ConcurrentReferenceHashMap$Reference;Ljava/lang/Object;I)Lorg/springfra
Event: 31.182 Thread 0x00000242f00194c0 DEOPT PACKING pc=0x0000024287bfdf80 sp=0x000000f05a7fe360
Event: 31.182 Thread 0x00000242f00194c0 DEOPT UNPACKING pc=0x000002428004d72e sp=0x000000f05a7fe210 mode 2
Event: 31.182 Thread 0x00000242f00194c0 Uncommon trap: trap_request=0xffffffde fr.pc=0x0000024287c01af8 relative=0x00000000000000d8
Event: 31.182 Thread 0x00000242f00194c0 Uncommon trap: reason=class_check action=maybe_recompile pc=0x0000024287c01af8 method=org.springframework.util.ConcurrentReferenceHashMap.get(Ljava/lang/Object;)Ljava/lang/Object; @ 14 c2
Event: 31.182 Thread 0x00000242f00194c0 DEOPT PACKING pc=0x0000024287c01af8 sp=0x000000f05a7fe3e0
Event: 31.182 Thread 0x00000242f00194c0 DEOPT UNPACKING pc=0x000002428004d72e sp=0x000000f05a7fe370 mode 2

Classes unloaded (0 events):
No events

Classes redefined (0 events):
No events

Internal exceptions (20 events):
Event: 22.744 Thread 0x00000242f00194c0 Exception <a 'java/lang/ClassNotFoundException'{0x00000000c4c70e08}: org/springframework/beans/factory/config/BeanFactoryPostProcessorCustomizer> (0x00000000c4c70e08) 
thrown [t:\workspace\open\src\hotspot\share\classfile\systemDictionary.cpp, line 256]
Event: 22.746 Thread 0x00000242f00194c0 Exception <a 'java/lang/ClassNotFoundException'{0x00000000c4c75a80}: org/springframework/core/PriorityOrderedCustomizer> (0x00000000c4c75a80) 
thrown [t:\workspace\open\src\hotspot\share\classfile\systemDictionary.cpp, line 256]
Event: 22.747 Thread 0x00000242f00194c0 Exception <a 'java/lang/ClassNotFoundException'{0x00000000c4c79320}: org/springframework/core/OrderedCustomizer> (0x00000000c4c79320) 
thrown [t:\workspace\open\src\hotspot\share\classfile\systemDictionary.cpp, line 256]
Event: 22.750 Thread 0x00000242f00194c0 Exception <a 'java/lang/ClassNotFoundException'{0x00000000c4c7de48}: org/springframework/context/ResourceLoaderAwareCustomizer> (0x00000000c4c7de48) 
thrown [t:\workspace\open\src\hotspot\share\classfile\systemDictionary.cpp, line 256]
Event: 22.752 Thread 0x00000242f00194c0 Exception <a 'java/lang/ClassNotFoundException'{0x00000000c4c82ad8}: org/springframework/beans/factory/AwareCustomizer> (0x00000000c4c82ad8) 
thrown [t:\workspace\open\src\hotspot\share\classfile\systemDictionary.cpp, line 256]
Event: 22.753 Thread 0x00000242f00194c0 Exception <a 'java/lang/ClassNotFoundException'{0x00000000c4c86710}: org/springframework/context/ApplicationStartupAwareCustomizer> (0x00000000c4c86710) 
thrown [t:\workspace\open\src\hotspot\share\classfile\systemDictionary.cpp, line 256]
Event: 22.755 Thread 0x00000242f00194c0 Exception <a 'java/lang/ClassNotFoundException'{0x00000000c4c8b658}: org/springframework/beans/factory/AwareCustomizer> (0x00000000c4c8b658) 
thrown [t:\workspace\open\src\hotspot\share\classfile\systemDictionary.cpp, line 256]
Event: 22.757 Thread 0x00000242f00194c0 Exception <a 'java/lang/ClassNotFoundException'{0x00000000c4c8f338}: org/springframework/beans/factory/BeanClassLoaderAwareCustomizer> (0x00000000c4c8f338) 
thrown [t:\workspace\open\src\hotspot\share\classfile\systemDictionary.cpp, line 256]
Event: 22.759 Thread 0x00000242f00194c0 Exception <a 'java/lang/ClassNotFoundException'{0x00000000c4c93fe0}: org/springframework/beans/factory/AwareCustomizer> (0x00000000c4c93fe0) 
thrown [t:\workspace\open\src\hotspot\share\classfile\systemDictionary.cpp, line 256]
Event: 22.786 Thread 0x00000242f00194c0 Exception <a 'java/lang/ClassNotFoundException'{0x00000000c4c97a10}: org/springframework/context/EnvironmentAwareCustomizer> (0x00000000c4c97a10) 
thrown [t:\workspace\open\src\hotspot\share\classfile\systemDictionary.cpp, line 256]
Event: 22.826 Thread 0x00000242f00194c0 Exception <a 'java/lang/ClassNotFoundException'{0x00000000c4c9c630}: org/springframework/beans/factory/AwareCustomizer> (0x00000000c4c9c630) 
thrown [t:\workspace\open\src\hotspot\share\classfile\systemDictionary.cpp, line 256]
Event: 25.180 Thread 0x00000242f00194c0 Exception <a 'java/lang/IncompatibleClassChangeError'{0x00000000c5d21ff0}: Found class java.lang.Object, but interface was expected> (0x00000000c5d21ff0) 
thrown [t:\workspace\open\src\hotspot\share\interpreter\linkResolver.cpp, line 857]
Event: 25.353 Thread 0x000002428f72b600 Exception <a 'java/lang/NoSuchMethodError'{0x00000000c5cf5568}: 'java.lang.Object java.lang.invoke.DirectMethodHandle$Holder.invokeStaticInit(java.lang.Object, java.lang.Object, java.lang.Object, java.lang.Object, java.lang.Object)'> (0x00000000c5cf5568) 
thrown [t:\workspace\open\src\hotspot\share\interpreter\linkResolver.cpp, line 790]
Event: 25.576 Thread 0x00000242f00194c0 Exception <a 'java/lang/NoSuchMethodError'{0x00000000c594dd28}: 'void java.lang.invoke.DirectMethodHandle$Holder.invokeInterface(java.lang.Object, java.lang.Object, java.lang.Object, java.lang.Object)'> (0x00000000c594dd28) 
thrown [t:\workspace\open\src\hotspot\share\interpreter\linkResolver.cpp, line 790]
Event: 26.933 Thread 0x000002428f72b600 Exception <a 'java/lang/NoSuchMethodError'{0x00000000c5dd9860}: 'long java.lang.invoke.DirectMethodHandle$Holder.invokeSpecial(java.lang.Object, java.lang.Object)'> (0x00000000c5dd9860) 
thrown [t:\workspace\open\src\hotspot\share\interpreter\linkResolver.cpp, line 790]
Event: 26.939 Thread 0x000002428f72b600 Exception <a 'java/lang/NoSuchMethodError'{0x00000000c5de4a58}: 'long java.lang.invoke.DirectMethodHandle$Holder.invokeStatic(java.lang.Object, java.lang.Object)'> (0x00000000c5de4a58) 
thrown [t:\workspace\open\src\hotspot\share\interpreter\linkResolver.cpp, line 790]
Event: 26.939 Thread 0x000002428f72b600 Exception <a 'java/lang/NoSuchMethodError'{0x00000000c5de8238}: 'long java.lang.invoke.DirectMethodHandle$Holder.invokeStaticInit(java.lang.Object, java.lang.Object)'> (0x00000000c5de8238) 
thrown [t:\workspace\open\src\hotspot\share\interpreter\linkResolver.cpp, line 790]
Event: 26.945 Thread 0x000002428f72b600 Exception <a 'java/lang/NoSuchMethodError'{0x00000000c5df6150}: 'long java.lang.invoke.DirectMethodHandle$Holder.invokeInterface(java.lang.Object, java.lang.Object)'> (0x00000000c5df6150) 
thrown [t:\workspace\open\src\hotspot\share\interpreter\linkResolver.cpp, line 790]
Event: 26.946 Thread 0x000002428f72b600 Exception <a 'java/lang/IncompatibleClassChangeError'{0x00000000c5df98b0}: Found class java.lang.Object, but interface was expected> (0x00000000c5df98b0) 
thrown [t:\workspace\open\src\hotspot\share\interpreter\linkResolver.cpp, line 857]
Event: 27.012 Thread 0x000002428f72b600 Exception <a 'java/lang/NoSuchMethodError'{0x00000000c5cca470}: 'java.lang.Object java.lang.invoke.DirectMethodHandle$Holder.invokeVirtual(java.lang.Object, java.lang.Object, java.lang.Object, java.lang.Object)'> (0x00000000c5cca470) 
thrown [t:\workspace\open\src\hotspot\share\interpreter\linkResolver.cpp, line 790]

Events (20 events):
Event: 28.412 loading class java/util/jar/JarVerifier$VerifierStream done
Event: 28.412 loading class sun/security/util/ManifestEntryVerifier$SunProviderHolder
Event: 28.413 loading class sun/security/util/ManifestEntryVerifier$SunProviderHolder done
Event: 28.682 Executing  VM operation: HandshakeAllThreads
Event: 28.682 Executing  VM operation: HandshakeAllThreads done
Event: 28.682 Executing  VM operation: Cleanup
Event: 28.682 Executing  VM operation: Cleanup done
Event: 29.691 Executing  VM operation: Cleanup
Event: 29.691 Executing  VM operation: Cleanup done
Event: 29.749 loading class java/lang/UnsupportedClassVersionError
Event: 29.749 loading class java/lang/ClassFormatError
Event: 29.769 loading class java/lang/ClassFormatError done
Event: 29.769 loading class java/lang/UnsupportedClassVersionError done
Event: 30.696 Executing  VM operation: Cleanup
Event: 30.696 Executing  VM operation: Cleanup done
Event: 30.809 Executing  VM operation: HandshakeAllThreads
Event: 30.809 Executing  VM operation: HandshakeAllThreads done
Event: 31.174 Executing  VM operation: HandshakeAllThreads
Event: 31.174 Executing  VM operation: HandshakeAllThreads done
Event: 31.188 loading class java/util/stream/Streams$RangeIntSpliterator


Dynamic libraries:
0x00007ff616b20000 - 0x00007ff616b30000 	C:\Program Files\Java\jdk-16.0.2\bin\java.exe
0x00007ffb59910000 - 0x00007ffb59b05000 	C:\WINDOWS\SYSTEM32\ntdll.dll
0x00007ffb59700000 - 0x00007ffb597bd000 	C:\WINDOWS\System32\KERNEL32.DLL
0x00007ffb57050000 - 0x00007ffb57318000 	C:\WINDOWS\System32\KERNELBASE.dll
0x00007ffb57690000 - 0x00007ffb57790000 	C:\WINDOWS\System32\ucrtbase.dll
0x00007ffb52af0000 - 0x00007ffb52b08000 	C:\Program Files\Java\jdk-16.0.2\bin\jli.dll
0x00007ffb52ad0000 - 0x00007ffb52ae9000 	C:\Program Files\Java\jdk-16.0.2\bin\VCRUNTIME140.dll
0x00007ffb58d80000 - 0x00007ffb58e2c000 	C:\WINDOWS\System32\ADVAPI32.dll
0x00007ffb58ce0000 - 0x00007ffb58d7e000 	C:\WINDOWS\System32\msvcrt.dll
0x00007ffb580e0000 - 0x00007ffb5817b000 	C:\WINDOWS\System32\sechost.dll
0x00007ffb57ce0000 - 0x00007ffb57e0b000 	C:\WINDOWS\System32\RPCRT4.dll
0x00007ffb57f40000 - 0x00007ffb580e0000 	C:\WINDOWS\System32\USER32.dll
0x00007ffb578a0000 - 0x00007ffb578c2000 	C:\WINDOWS\System32\win32u.dll
0x00007ffb596c0000 - 0x00007ffb596ea000 	C:\WINDOWS\System32\GDI32.dll
0x00007ffb476f0000 - 0x00007ffb4798a000 	C:\WINDOWS\WinSxS\amd64_microsoft.windows.common-controls_6595b64144ccf1df_6.0.19041.844_none_ca00b6081b84eb1d\COMCTL32.dll
0x00007ffb57790000 - 0x00007ffb5789b000 	C:\WINDOWS\System32\gdi32full.dll
0x00007ffb578d0000 - 0x00007ffb5796d000 	C:\WINDOWS\System32\msvcp_win.dll
0x00007ffb47e00000 - 0x00007ffb47e0a000 	C:\WINDOWS\SYSTEM32\VERSION.dll
0x00007ffb58230000 - 0x00007ffb58260000 	C:\WINDOWS\System32\IMM32.DLL
0x00007ffb52bb0000 - 0x00007ffb52bbc000 	C:\Program Files\Java\jdk-16.0.2\bin\vcruntime140_1.dll
0x00007ffb45310000 - 0x00007ffb453a1000 	C:\Program Files\Java\jdk-16.0.2\bin\msvcp140.dll
0x00007ffb2bec0000 - 0x00007ffb2ca6b000 	C:\Program Files\Java\jdk-16.0.2\bin\server\jvm.dll
0x00007ffb59850000 - 0x00007ffb59858000 	C:\WINDOWS\System32\PSAPI.DLL
0x00007ffb47e10000 - 0x00007ffb47e37000 	C:\WINDOWS\SYSTEM32\WINMM.dll
0x00007ffb42a70000 - 0x00007ffb42a79000 	C:\WINDOWS\SYSTEM32\WSOCK32.dll
0x00007ffb59860000 - 0x00007ffb598cb000 	C:\WINDOWS\System32\WS2_32.dll
0x00007ffb54eb0000 - 0x00007ffb54ec2000 	C:\WINDOWS\SYSTEM32\kernel.appcore.dll
0x00007ffb52ac0000 - 0x00007ffb52aca000 	C:\Program Files\Java\jdk-16.0.2\bin\jimage.dll
0x00007ffb45f80000 - 0x00007ffb46164000 	C:\WINDOWS\SYSTEM32\DBGHELP.DLL
0x00007ffb45f50000 - 0x00007ffb45f7c000 	C:\WINDOWS\SYSTEM32\dbgcore.DLL
0x00007ffb573b0000 - 0x00007ffb57430000 	C:\WINDOWS\System32\bcryptPrimitives.dll
0x00007ffb52bd0000 - 0x00007ffb52bde000 	C:\Program Files\Java\jdk-16.0.2\bin\instrument.dll
0x00007ffb452e0000 - 0x00007ffb45305000 	C:\Program Files\Java\jdk-16.0.2\bin\java.dll
0x00007ffb58e30000 - 0x00007ffb59572000 	C:\WINDOWS\System32\SHELL32.dll
0x00007ffb55190000 - 0x00007ffb55921000 	C:\WINDOWS\SYSTEM32\windows.storage.dll
0x00007ffb586d0000 - 0x00007ffb58a25000 	C:\WINDOWS\System32\combase.dll
0x00007ffb56a50000 - 0x00007ffb56a7c000 	C:\WINDOWS\SYSTEM32\Wldp.dll
0x00007ffb58180000 - 0x00007ffb5822e000 	C:\WINDOWS\System32\SHCORE.dll
0x00007ffb58c80000 - 0x00007ffb58cd5000 	C:\WINDOWS\System32\shlwapi.dll
0x00007ffb56f90000 - 0x00007ffb56faf000 	C:\WINDOWS\SYSTEM32\profapi.dll
0x00007ffb452c0000 - 0x00007ffb452d8000 	C:\Program Files\Java\jdk-16.0.2\bin\zip.dll
0x00007ffb52320000 - 0x00007ffb52339000 	C:\Program Files\Java\jdk-16.0.2\bin\net.dll
0x00007ffb49610000 - 0x00007ffb4971b000 	C:\WINDOWS\SYSTEM32\WINHTTP.dll
0x00007ffb56760000 - 0x00007ffb567ca000 	C:\WINDOWS\system32\mswsock.dll
0x00007ffb50c00000 - 0x00007ffb50c13000 	C:\Program Files\Java\jdk-16.0.2\bin\nio.dll
0x00007ffb420b0000 - 0x00007ffb420ca000 	E:\66666\IntelliJ IDEA Community Edition 2020.2.1\bin\breakgen64.dll
0x00007ffb50c30000 - 0x00007ffb50c40000 	C:\Program Files\Java\jdk-16.0.2\bin\verify.dll
0x00007ffb56450000 - 0x00007ffb5648b000 	C:\WINDOWS\SYSTEM32\IPHLPAPI.DLL
0x00007ffb59840000 - 0x00007ffb59848000 	C:\WINDOWS\System32\NSI.dll
0x00007ffb4c9b0000 - 0x00007ffb4c9c7000 	C:\WINDOWS\SYSTEM32\dhcpcsvc6.DLL
0x00007ffb4ca80000 - 0x00007ffb4ca9d000 	C:\WINDOWS\SYSTEM32\dhcpcsvc.DLL
0x00007ffb56490000 - 0x00007ffb5655c000 	C:\WINDOWS\SYSTEM32\DNSAPI.dll
0x00007ffb49550000 - 0x00007ffb4955a000 	C:\Windows\System32\rasadhlp.dll
0x00007ffb49d10000 - 0x00007ffb49d8f000 	C:\WINDOWS\System32\fwpuclnt.dll
0x00007ffb57320000 - 0x00007ffb57347000 	C:\WINDOWS\System32\bcrypt.dll
0x00007ffb4edb0000 - 0x00007ffb4edb9000 	C:\Program Files\Java\jdk-16.0.2\bin\management.dll
0x00007ffb49e30000 - 0x00007ffb49e3b000 	C:\Program Files\Java\jdk-16.0.2\bin\management_ext.dll
0x00007ffb49c10000 - 0x00007ffb49c27000 	C:\WINDOWS\system32\napinsp.dll
0x00007ffb39880000 - 0x00007ffb3989b000 	C:\WINDOWS\system32\pnrpnsp.dll
0x00007ffb514d0000 - 0x00007ffb514e5000 	C:\WINDOWS\system32\wshbth.dll
0x00007ffb52aa0000 - 0x00007ffb52abd000 	C:\WINDOWS\system32\NLAapi.dll
0x00007ffb39860000 - 0x00007ffb39872000 	C:\WINDOWS\System32\winrnr.dll

dbghelp: loaded successfully - version: 4.0.5 - missing functions: none
symbol engine: initialized successfully - sym options: 0x614 - pdb path: .;C:\Program Files\Java\jdk-16.0.2\bin;C:\WINDOWS\SYSTEM32;C:\WINDOWS\WinSxS\amd64_microsoft.windows.common-controls_6595b64144ccf1df_6.0.19041.844_none_ca00b6081b84eb1d;C:\Program Files\Java\jdk-16.0.2\bin\server;E:\66666\IntelliJ IDEA Community Edition 2020.2.1\bin

VM Arguments:
jvm_args: -javaagent:E:\66666\IntelliJ IDEA Community Edition 2020.2.1\lib\idea_rt.jar=53780:E:\66666\IntelliJ IDEA Community Edition 2020.2.1\bin -Dfile.encoding=UTF-8 
java_command: com.simbirsoft.christmastoysstore.ChristmastoysstoreApplication
java_class_path (initial): C:\Users\User\Downloads\demo\demo\target\classes;C:\Users\User\.m2\repository\org\springframework\boot\spring-boot-starter-data-elasticsearch\2.5.4\spring-boot-starter-data-elasticsearch-2.5.4.jar;C:\Users\User\.m2\repository\org\springframework\boot\spring-boot-starter\2.5.4\spring-boot-starter-2.5.4.jar;C:\Users\User\.m2\repository\org\springframework\boot\spring-boot\2.5.4\spring-boot-2.5.4.jar;C:\Users\User\.m2\repository\org\springframework\boot\spring-boot-autoconfigure\2.5.4\spring-boot-autoconfigure-2.5.4.jar;C:\Users\User\.m2\repository\org\springframework\boot\spring-boot-starter-logging\2.5.4\spring-boot-starter-logging-2.5.4.jar;C:\Users\User\.m2\repository\ch\qos\logback\logback-classic\1.2.5\logback-classic-1.2.5.jar;C:\Users\User\.m2\repository\ch\qos\logback\logback-core\1.2.5\logback-core-1.2.5.jar;C:\Users\User\.m2\repository\org\apache\logging\log4j\log4j-to-slf4j\2.14.1\log4j-to-slf4j-2.14.1.jar;C:\Users\User\.m2\repository\org\apache\logging\log4j\log4j-api\2.14.1\log4j-api-2.14.1.jar;C:\Users\User\.m2\repository\org\slf4j\jul-to-slf4j\1.7.32\jul-to-slf4j-1.7.32.jar;C:\Users\User\.m2\repository\jakarta\annotation\jakarta.annotation-api\1.3.5\jakarta.annotation-api-1.3.5.jar;C:\Users\User\.m2\repository\org\springframework\data\spring-data-elasticsearch\4.2.4\spring-data-elasticsearch-4.2.4.jar;C:\Users\User\.m2\repository\org\elasticsearch\plugin\transport-netty4-client\7.12.1\transport-netty4-client-7.12.1.jar;C:\Users\User\.m2\repository\io\netty\netty-buffer\4.1.67.Final\netty-buffer-4.1.67.Final.jar;C:\Users\User\.m2\repository\io\netty\netty-codec\4.1.67.Final\netty-codec-4.1.67.Final.jar;C:\Users\User\.m2\repository\io\netty\netty-codec-http\4.1.67.Final\netty-codec-http-4.1.67.Final.jar;C:\Users\User\.m2\repository\io\netty\netty-common\4.1.67.Final\netty-common-4.1.67.Final.jar;C:\Users\User\.m2\repository\io\netty\netty-handler\4.1.67.Final\netty-handler-4.1.67.Final.jar;C:\Users\User\.m2\repository\io\netty
Launcher Type: SUN_STANDARD

[Global flags]
     intx CICompilerCount                          = 3                                         {product} {ergonomic}
     uint ConcGCThreads                            = 1                                         {product} {ergonomic}
     uint G1ConcRefinementThreads                  = 4                                         {product} {ergonomic}
   size_t G1HeapRegionSize                         = 1048576                                   {product} {ergonomic}
    uintx GCDrainStackTargetSize                   = 64                                        {product} {ergonomic}
   size_t InitialHeapSize                          = 65011712                                  {product} {ergonomic}
   size_t MarkStackSize                            = 4194304                                   {product} {ergonomic}
   size_t MaxHeapSize                              = 1035993088                                {product} {ergonomic}
   size_t MaxNewSize                               = 620756992                                 {product} {ergonomic}
   size_t MinHeapDeltaBytes                        = 1048576                                   {product} {ergonomic}
   size_t MinHeapSize                              = 8388608                                   {product} {ergonomic}
    uintx NonNMethodCodeHeapSize                   = 5832780                                {pd product} {ergonomic}
    uintx NonProfiledCodeHeapSize                  = 122912730                              {pd product} {ergonomic}
    uintx ProfiledCodeHeapSize                     = 122912730                              {pd product} {ergonomic}
    uintx ReservedCodeCacheSize                    = 251658240                              {pd product} {ergonomic}
     bool SegmentedCodeCache                       = true                                      {product} {ergonomic}
   size_t SoftMaxHeapSize                          = 1035993088                             {manageable} {ergonomic}
     bool UseCompressedClassPointers               = true                           {product lp64_product} {ergonomic}
     bool UseCompressedOops                        = true                           {product lp64_product} {ergonomic}
     bool UseG1GC                                  = true                                      {product} {ergonomic}
     bool UseLargePagesIndividualAllocation        = false                                  {pd product} {ergonomic}

Logging:
Log output configuration:
 #0: stdout all=warning uptime,level,tags
 #1: stderr all=off uptime,level,tags

Environment Variables:
JAVA_HOME=C:\Program Files\Java\jdk-16.0.2\
PATH=C:\Program Files\Common Files\Oracle\Java\javapath;C:\WINDOWS\system32;C:\WINDOWS;C:\WINDOWS\System32\Wbem;C:\WINDOWS\System32\WindowsPowerShell\v1.0\;C:\WINDOWS\System32\OpenSSH\;E:\Git\cmd;C:\ProgramData\chocolatey\bin;C:\Program Files\nodejs\;C:\Program Files\Java\jdk-16.0.2\bin\;C:\Program Files\apache-maven-3.8.2-bin\apache-maven-3.8.2\bin;C:\Users\User\AppData\Local\Programs\Python\Python39\Scripts;C:\Users\User\AppData\Local\Programs\Python\Python39;C:\Users\User\AppData\Local\Microsoft\WindowsApps;E:\1\Microsoft VS Code\bin;C:\Users\User\AppData\Roaming\npm
USERNAME=User
OS=Windows_NT
PROCESSOR_IDENTIFIER=Intel64 Family 6 Model 42 Stepping 7, GenuineIntel



---------------  S Y S T E M  ---------------

OS:
 Windows 10 , 64 bit Build 19041 (10.0.19041.928)
OS uptime: 0 days 2:12 hours

CPU: total 4 (initial active 4) (2 cores per cpu, 2 threads per core) family 6 model 42 stepping 7 microcode 0x2f, cx8, cmov, fxsr, ht, mmx, sse, sse2, sse3, ssse3, sse4.1, sse4.2, popcnt, tsc, tscinvbit, avx, clmul, vzeroupper, clflush

Memory: 4k page, system-wide physical 3950M (320M free)
TotalPageFile size 6851M (AvailPageFile size 0M)
current process WorkingSet (physical memory assigned to process): 143M, peak: 143M
current process commit charge ("private bytes"): 185M, peak: 189M

vm_info: Java HotSpot(TM) 64-Bit Server VM (16.0.2+7-67) for windows-amd64 JRE (16.0.2+7-67), built on Jun  8 2021 23:24:19 by "mach5one" with MS VC++ 16.7 (VS2019)

END.
